<?xml version="1.0" encoding="UTF-8"?>
<!-- Generated by org.testng.reporters.JUnitReportReporter -->
<testsuite skipped="0" hostname="DESKTOP-42ER5TB" name="testNG_Concepts_For_Selenium_1.testNG.ParametersInTestNG" tests="1" failures="0" timestamp="09 Apr 2018 07:34:46 GMT" time="0.002" errors="0">
  <testcase name="testlogin" time="0.002" classname="testNG_Concepts_For_Selenium_1.testNG.ParametersInTestNG"/>
</testsuite> <!-- testNG_Concepts_For_Selenium_1.testNG.ParametersInTestNG -->
