<?xml version="1.0" encoding="UTF-8"?>
<!-- Generated by org.testng.reporters.JUnitReportReporter -->
<testsuite skipped="0" hostname="DESKTOP-42ER5TB" name="selenium_Basics_4.Verify_DisableObject_InSelenium_10" tests="1" failures="0" timestamp="09 Apr 2018 09:36:24 GMT" time="16.270" errors="0">
  <testcase name="testDisableObject" time="16.270" classname="selenium_Basics_4.Verify_DisableObject_InSelenium_10"/>
</testsuite> <!-- selenium_Basics_4.Verify_DisableObject_InSelenium_10 -->
