<?xml version="1.0" encoding="UTF-8"?>
<!-- Generated by org.testng.reporters.JUnitReportReporter -->
<testsuite skipped="0" hostname="DESKTOP-42ER5TB" name="selenium_Basics_4.Verify_DisableAndEnabled_ObjectInSelenium_11" tests="1" failures="0" timestamp="09 Apr 2018 09:38:16 GMT" time="21.528" errors="0">
  <testcase name="testDisableAndEnabled" time="21.528" classname="selenium_Basics_4.Verify_DisableAndEnabled_ObjectInSelenium_11"/>
</testsuite> <!-- selenium_Basics_4.Verify_DisableAndEnabled_ObjectInSelenium_11 -->
