<?xml version="1.0" encoding="UTF-8"?>
<!-- Generated by org.testng.reporters.JUnitReportReporter -->
<testsuite skipped="0" hostname="DESKTOP-42ER5TB" name="selenium_Scripting_3.Assertion_In_Scripts_5" tests="1" failures="0" timestamp="31 May 2018 09:40:35 GMT" time="55.585" errors="0">
  <testcase name="testCreateLeads" time="55.585" classname="selenium_Scripting_3.Assertion_In_Scripts_5"/>
</testsuite> <!-- selenium_Scripting_3.Assertion_In_Scripts_5 -->
