<?xml version="1.0" encoding="UTF-8"?>
<!-- Generated by org.testng.reporters.JUnitReportReporter -->
<testsuite skipped="0" hostname="DESKTOP-42ER5TB" name="selenium_Scripting_3.Creating_New_Lead_V_Tiger_3" tests="1" failures="0" timestamp="12 Mar 2018 07:22:36 GMT" time="26.181" errors="0">
  <testcase name="testCreateLeads" time="26.181" classname="selenium_Scripting_3.Creating_New_Lead_V_Tiger_3"/>
</testsuite> <!-- selenium_Scripting_3.Creating_New_Lead_V_Tiger_3 -->
