<?xml version="1.0" encoding="UTF-8"?>
<!-- Generated by org.testng.reporters.JUnitReportReporter -->
<testsuite skipped="0" hostname="DESKTOP-42ER5TB" name="selenium_Scripting_3.Select_Box_In_Selenium_2" tests="1" failures="0" timestamp="31 May 2018 09:10:03 GMT" time="58.832" errors="0">
  <testcase name="testCreateLeads" time="58.832" classname="selenium_Scripting_3.Select_Box_In_Selenium_2"/>
</testsuite> <!-- selenium_Scripting_3.Select_Box_In_Selenium_2 -->
