<?xml version="1.0" encoding="UTF-8"?>
<!-- Generated by org.testng.reporters.JUnitReportReporter -->
<testsuite skipped="0" hostname="DESKTOP-42ER5TB" name="selenium_Basics_4.Verify_CollapsedAndExpanded_ObjectInSelenium_5" tests="1" failures="0" timestamp="20 Apr 2018 16:15:58 GMT" time="19.617" errors="0">
  <testcase name="testCollapsedAndExpanded" time="19.617" classname="selenium_Basics_4.Verify_CollapsedAndExpanded_ObjectInSelenium_5"/>
</testsuite> <!-- selenium_Basics_4.Verify_CollapsedAndExpanded_ObjectInSelenium_5 -->
