<?xml version="1.0" encoding="UTF-8"?>
<!-- Generated by org.testng.reporters.JUnitReportReporter -->
<testsuite skipped="0" hostname="DESKTOP-42ER5TB" name="selenium_Basics_4.How_to_Verify_Price_Filter_In_Selenium1_2__16p_17p" tests="1" failures="0" timestamp="01 Jun 2018 07:41:39 GMT" time="52.099" errors="0">
  <testcase name="testVerify_Price_Filter" time="52.099" classname="selenium_Basics_4.How_to_Verify_Price_Filter_In_Selenium1_2__16p_17p"/>
</testsuite> <!-- selenium_Basics_4.How_to_Verify_Price_Filter_In_Selenium1_2__16p_17p -->
