<?xml version="1.0" encoding="UTF-8"?>
<!-- Generated by org.testng.reporters.JUnitReportReporter -->
<testsuite skipped="0" hostname="DESKTOP-42ER5TB" name="selenium_Scripting_3.Assertion_In_Scripts_5" tests="1" failures="0" timestamp="12 Mar 2018 07:33:18 GMT" time="25.201" errors="0">
  <testcase name="testCreateLeads" time="25.201" classname="selenium_Scripting_3.Assertion_In_Scripts_5"/>
</testsuite> <!-- selenium_Scripting_3.Assertion_In_Scripts_5 -->
