<?xml version="1.0" encoding="UTF-8"?>
<!-- Generated by org.testng.reporters.JUnitReportReporter -->
<testsuite skipped="0" hostname="DESKTOP-42ER5TB" name="selenium_Basics_4.Count_NumberOf_LinksIn_SeleniumIn_GivenPage_3" tests="1" failures="0" timestamp="12 Mar 2018 07:49:38 GMT" time="10.672" errors="0">
  <testcase name="testCount_NumberOf_Links" time="10.672" classname="selenium_Basics_4.Count_NumberOf_LinksIn_SeleniumIn_GivenPage_3"/>
</testsuite> <!-- selenium_Basics_4.Count_NumberOf_LinksIn_SeleniumIn_GivenPage_3 -->
