<?xml version="1.0" encoding="UTF-8"?>
<!-- Generated by org.testng.reporters.JUnitReportReporter -->
<testsuite skipped="0" hostname="DESKTOP-42ER5TB" name="selenium_Basics_4.ZoomIn_ZoomOut_InSelenium_15" tests="1" failures="0" timestamp="31 May 2018 16:00:09 GMT" time="54.101" errors="0">
  <testcase name="testZoomIn_ZoomOut" time="54.101" classname="selenium_Basics_4.ZoomIn_ZoomOut_InSelenium_15"/>
</testsuite> <!-- selenium_Basics_4.ZoomIn_ZoomOut_InSelenium_15 -->
