<?xml version="1.0" encoding="UTF-8"?>
<!-- Generated by org.testng.reporters.JUnitReportReporter -->
<testsuite skipped="0" hostname="DESKTOP-42ER5TB" name="selenium_Basics_4.MouseOver_In_Selenium_6" tests="1" failures="0" timestamp="09 Apr 2018 09:14:05 GMT" time="25.873" errors="0">
  <testcase name="testMouseOver_In_Selenium" time="25.873" classname="selenium_Basics_4.MouseOver_In_Selenium_6"/>
</testsuite> <!-- selenium_Basics_4.MouseOver_In_Selenium_6 -->
