<?xml version="1.0" encoding="UTF-8"?>
<!-- Generated by org.testng.reporters.JUnitReportReporter -->
<testsuite skipped="0" hostname="DESKTOP-42ER5TB" name="selenium_Scripting_3.Printing_Table_Data_In_selenium_V_Tiger_6" tests="1" failures="0" timestamp="09 Apr 2018 08:50:53 GMT" time="59.431" errors="0">
  <testcase name="testTableData" time="59.431" classname="selenium_Scripting_3.Printing_Table_Data_In_selenium_V_Tiger_6"/>
</testsuite> <!-- selenium_Scripting_3.Printing_Table_Data_In_selenium_V_Tiger_6 -->
