<?xml version="1.0" encoding="UTF-8"?>
<!-- Generated by org.testng.reporters.JUnitReportReporter -->
<testsuite skipped="0" hostname="DESKTOP-42ER5TB" name="selenium_Scripting_3.Edit_Lead_Information_in_V_tiger_7" tests="1" failures="0" timestamp="22 Mar 2018 14:41:36 GMT" time="49.679" errors="0">
  <testcase name="testEditData" time="49.679" classname="selenium_Scripting_3.Edit_Lead_Information_in_V_tiger_7"/>
</testsuite> <!-- selenium_Scripting_3.Edit_Lead_Information_in_V_tiger_7 -->
