<?xml version="1.0" encoding="UTF-8"?>
<!-- Generated by org.testng.reporters.JUnitReportReporter -->
<testsuite skipped="0" hostname="DESKTOP-42ER5TB" name="selenium_Scripting_3.Login_Script_In_Selenium_1" tests="1" failures="0" timestamp="22 Mar 2018 14:28:04 GMT" time="36.002" errors="0">
  <testcase name="loginScript" time="36.002" classname="selenium_Scripting_3.Login_Script_In_Selenium_1"/>
</testsuite> <!-- selenium_Scripting_3.Login_Script_In_Selenium_1 -->
