<?xml version="1.0" encoding="UTF-8"?>
<!-- Generated by org.testng.reporters.JUnitReportReporter -->
<testsuite skipped="0" hostname="DESKTOP-42ER5TB" name="selenium_Basics_4.DragDrop_Iframe_Table_JavascriptAlert_In_Selenium_7" tests="4" failures="0" timestamp="31 May 2018 13:59:51 GMT" time="112.439" errors="0">
  <testcase name="testIframe" time="46.993" classname="selenium_Basics_4.DragDrop_Iframe_Table_JavascriptAlert_In_Selenium_7"/>
  <testcase name="testDroppable" time="40.374" classname="selenium_Basics_4.DragDrop_Iframe_Table_JavascriptAlert_In_Selenium_7"/>
  <testcase name="testAlerts" time="19.620" classname="selenium_Basics_4.DragDrop_Iframe_Table_JavascriptAlert_In_Selenium_7"/>
  <testcase name="testTable" time="5.452" classname="selenium_Basics_4.DragDrop_Iframe_Table_JavascriptAlert_In_Selenium_7"/>
</testsuite> <!-- selenium_Basics_4.DragDrop_Iframe_Table_JavascriptAlert_In_Selenium_7 -->
