<?xml version="1.0" encoding="UTF-8"?>
<!-- Generated by org.testng.reporters.JUnitReportReporter -->
<testsuite skipped="0" hostname="DESKTOP-42ER5TB" name="selenium_Basics_4.JavaScriptExecutator_In_Selenium_8" tests="1" failures="0" timestamp="22 Mar 2018 15:18:03 GMT" time="11.454" errors="0">
  <testcase name="testJavaScriptExecutator" time="11.454" classname="selenium_Basics_4.JavaScriptExecutator_In_Selenium_8"/>
</testsuite> <!-- selenium_Basics_4.JavaScriptExecutator_In_Selenium_8 -->
