<?xml version="1.0" encoding="UTF-8"?>
<!-- Generated by org.testng.reporters.JUnitReportReporter -->
<testsuite skipped="0" hostname="DESKTOP-42ER5TB" name="testNG_Concepts_For_Selenium_1.testNG.Annotations" tests="2" failures="0" timestamp="09 Apr 2018 07:34:46 GMT" time="0.011" errors="0">
  <testcase name="test1" time="0.008" classname="testNG_Concepts_For_Selenium_1.testNG.Annotations"/>
  <testcase name="test2" time="0.003" classname="testNG_Concepts_For_Selenium_1.testNG.Annotations"/>
</testsuite> <!-- testNG_Concepts_For_Selenium_1.testNG.Annotations -->
