<?xml version="1.0" encoding="UTF-8"?>
<!-- Generated by org.testng.reporters.JUnitReportReporter -->
<testsuite skipped="0" hostname="DESKTOP-42ER5TB" name="selenium_Basics_4.Count_NumberOf_LinksIn_SeleniumIn_GivenPage_3" tests="1" failures="0" timestamp="31 May 2018 12:58:58 GMT" time="35.933" errors="0">
  <testcase name="testCount_NumberOf_Links" time="35.933" classname="selenium_Basics_4.Count_NumberOf_LinksIn_SeleniumIn_GivenPage_3"/>
</testsuite> <!-- selenium_Basics_4.Count_NumberOf_LinksIn_SeleniumIn_GivenPage_3 -->
