<?xml version="1.0" encoding="UTF-8"?>
<!-- Generated by org.testng.reporters.JUnitReportReporter -->
<testsuite skipped="0" hostname="DESKTOP-42ER5TB" name="selenium_Scripting_3.Creating_New_Lead_V_Tiger_Complete_Code_4" tests="1" failures="0" timestamp="31 May 2018 09:29:34 GMT" time="70.707" errors="0">
  <testcase name="testCreateLeads" time="70.707" classname="selenium_Scripting_3.Creating_New_Lead_V_Tiger_Complete_Code_4"/>
</testsuite> <!-- selenium_Scripting_3.Creating_New_Lead_V_Tiger_Complete_Code_4 -->
