<?xml version="1.0" encoding="UTF-8"?>
<!-- Generated by org.testng.reporters.JUnitReportReporter -->
<testsuite skipped="0" hostname="DESKTOP-42ER5TB" name="selenium_Scripting_3.Select_Box_In_Selenium_2" tests="1" failures="0" timestamp="12 Mar 2018 07:19:48 GMT" time="32.008" errors="0">
  <testcase name="testCreateLeads" time="32.008" classname="selenium_Scripting_3.Select_Box_In_Selenium_2"/>
</testsuite> <!-- selenium_Scripting_3.Select_Box_In_Selenium_2 -->
