<?xml version="1.0" encoding="UTF-8"?>
<!-- Generated by org.testng.reporters.JUnitReportReporter -->
<testsuite skipped="0" hostname="DESKTOP-42ER5TB" name="selenium_Basics_4.How_To_Verify_Filter_Test_In_Selenium_9" tests="1" failures="0" timestamp="09 Apr 2018 09:34:44 GMT" time="34.401" errors="0">
  <testcase name="testVerify_Filter" time="34.401" classname="selenium_Basics_4.How_To_Verify_Filter_Test_In_Selenium_9"/>
</testsuite> <!-- selenium_Basics_4.How_To_Verify_Filter_Test_In_Selenium_9 -->
