<?xml version="1.0" encoding="UTF-8"?>
<!-- Generated by org.testng.reporters.JUnitReportReporter -->
<testsuite skipped="0" hostname="DESKTOP-42ER5TB" name="selenium_Advance_video.how_to_use_propertieFiles_In_Selenium_1.testProperties.TestScript1" tests="1" failures="0" timestamp="21 Apr 2018 06:15:25 GMT" time="0.034" errors="0">
  <testcase name="testProperties" time="0.034" classname="selenium_Advance_video.how_to_use_propertieFiles_In_Selenium_1.testProperties.TestScript1"/>
</testsuite> <!-- selenium_Advance_video.how_to_use_propertieFiles_In_Selenium_1.testProperties.TestScript1 -->
