<?xml version="1.0" encoding="UTF-8"?>
<!-- Generated by org.testng.reporters.JUnitReportReporter -->
<testsuite skipped="0" hostname="DESKTOP-42ER5TB" name="naveenAutomoation_final.FileUpload_RobotClass_2" tests="1" failures="0" timestamp="12 May 2018 05:43:18 GMT" time="14.823" errors="0">
  <testcase name="testFileUpload" time="14.823" classname="naveenAutomoation_final.FileUpload_RobotClass_2"/>
</testsuite> <!-- naveenAutomoation_final.FileUpload_RobotClass_2 -->
