<?xml version="1.0" encoding="UTF-8"?>
<!-- Generated by org.testng.reporters.JUnitReportReporter -->
<testsuite skipped="0" hostname="DESKTOP-42ER5TB" name="selenium_Basics_4.Delete_EmailBasedOn_SubjectLine_InSelenium_12" tests="1" failures="0" timestamp="13 Mar 2018 16:37:16 GMT" time="107.295" errors="0">
  <testcase name="testDelete_EmailBasedOn_SubjectLine" time="107.295" classname="selenium_Basics_4.Delete_EmailBasedOn_SubjectLine_InSelenium_12"/>
</testsuite> <!-- selenium_Basics_4.Delete_EmailBasedOn_SubjectLine_InSelenium_12 -->
