<?xml version="1.0" encoding="UTF-8"?>
<!-- Generated by org.testng.reporters.JUnitReportReporter -->
<testsuite skipped="0" hostname="DESKTOP-42ER5TB" name="selenium_Basics_4.custom_Listener_InSelenium_19_TestCustomListener.Login" tests="1" failures="0" timestamp="20 Apr 2018 17:39:05 GMT" time="14.163" errors="0">
  <testcase name="testLogin" time="14.163" classname="selenium_Basics_4.custom_Listener_InSelenium_19_TestCustomListener.Login"/>
</testsuite> <!-- selenium_Basics_4.custom_Listener_InSelenium_19_TestCustomListener.Login -->
