<?xml version="1.0" encoding="UTF-8"?>
<!-- Generated by org.testng.reporters.JUnitReportReporter -->
<testsuite skipped="0" hostname="DESKTOP-42ER5TB" name="selenium_Basics_4.SelectDropDownInSelenium_1" tests="1" failures="0" timestamp="12 Mar 2018 07:44:44 GMT" time="13.734" errors="0">
  <testcase name="testSelectDropDown" time="13.734" classname="selenium_Basics_4.SelectDropDownInSelenium_1"/>
</testsuite> <!-- selenium_Basics_4.SelectDropDownInSelenium_1 -->
