<?xml version="1.0" encoding="UTF-8"?>
<!-- Generated by org.testng.reporters.JUnitReportReporter -->
<testsuite skipped="0" hostname="DESKTOP-42ER5TB" name="selenium_Basics_4.custom_Listener_InSelenium_19_TestCustomListener.Login" tests="1" failures="0" timestamp="09 Apr 2018 10:16:04 GMT" time="17.095" errors="0">
  <testcase name="testLogin" time="17.095" classname="selenium_Basics_4.custom_Listener_InSelenium_19_TestCustomListener.Login"/>
</testsuite> <!-- selenium_Basics_4.custom_Listener_InSelenium_19_TestCustomListener.Login -->
