<?xml version="1.0" encoding="UTF-8"?>
<!-- Generated by org.testng.reporters.JUnitReportReporter -->
<testsuite skipped="0" hostname="DESKTOP-42ER5TB" name="selenium_Advance_video.Image_Comparison_InSelenium_7.ImageComparisonInSelenium_7" tests="1" failures="0" timestamp="10 Apr 2018 04:38:04 GMT" time="4.098" errors="0">
  <testcase name="testImageComparison" time="4.098" classname="selenium_Advance_video.Image_Comparison_InSelenium_7.ImageComparisonInSelenium_7"/>
</testsuite> <!-- selenium_Advance_video.Image_Comparison_InSelenium_7.ImageComparisonInSelenium_7 -->
