<?xml version="1.0" encoding="UTF-8"?>
<!-- Generated by org.testng.reporters.JUnitReportReporter -->
<testsuite skipped="0" hostname="DESKTOP-42ER5TB" name="selenium_Basics_4.properties_file_in_selenium_18.propertyFiles.Logout" tests="1" failures="0" timestamp="09 Apr 2018 10:07:21 GMT" time="0.007" errors="0">
  <testcase name="testLogout" time="0.007" classname="selenium_Basics_4.properties_file_in_selenium_18.propertyFiles.Logout"/>
</testsuite> <!-- selenium_Basics_4.properties_file_in_selenium_18.propertyFiles.Logout -->
