<?xml version="1.0" encoding="UTF-8"?>
<!-- Generated by org.testng.reporters.JUnitReportReporter -->
<testsuite skipped="0" hostname="DESKTOP-42ER5TB" name="naveenAutomoation_final.Handling_JavaScript_Alert_and_Popup_5" tests="2" failures="0" timestamp="14 May 2018 09:30:17 GMT" time="26.859" errors="0">
  <testcase name="testJSAlerts" time="19.306" classname="naveenAutomoation_final.Handling_JavaScript_Alert_and_Popup_5"/>
  <testcase name="testFileUpload1" time="7.553" classname="naveenAutomoation_final.Handling_JavaScript_Alert_and_Popup_5"/>
</testsuite> <!-- naveenAutomoation_final.Handling_JavaScript_Alert_and_Popup_5 -->
