<?xml version="1.0" encoding="UTF-8"?>
<!-- Generated by org.testng.reporters.JUnitReportReporter -->
<testsuite skipped="0" hostname="DESKTOP-42ER5TB" name="selenium_Basics_4.Verify_CollapsedAndExpanded_ObjectInSelenium_5" tests="1" failures="0" timestamp="31 May 2018 13:21:50 GMT" time="48.045" errors="0">
  <testcase name="testCollapsedAndExpanded" time="48.045" classname="selenium_Basics_4.Verify_CollapsedAndExpanded_ObjectInSelenium_5"/>
</testsuite> <!-- selenium_Basics_4.Verify_CollapsedAndExpanded_ObjectInSelenium_5 -->
