<?xml version="1.0" encoding="UTF-8"?>
<!-- Generated by org.testng.reporters.JUnitReportReporter -->
<testsuite skipped="0" hostname="DESKTOP-42ER5TB" name="selenium_Basics_4.Verify_DisableObject_InSelenium_10" tests="1" failures="0" timestamp="31 May 2018 15:13:00 GMT" time="45.725" errors="0">
  <testcase name="testDisableObject" time="45.725" classname="selenium_Basics_4.Verify_DisableObject_InSelenium_10"/>
</testsuite> <!-- selenium_Basics_4.Verify_DisableObject_InSelenium_10 -->
