<?xml version="1.0" encoding="UTF-8"?>
<!-- Generated by org.testng.reporters.JUnitReportReporter -->
<testsuite skipped="0" hostname="DESKTOP-42ER5TB" name="selenium_Basics_4.DragDrop_Iframe_Table_JavascriptAlert_In_Selenium_7" tests="4" failures="0" timestamp="12 Mar 2018 08:02:20 GMT" time="63.560" errors="0">
  <testcase name="testIframe" time="20.083" classname="selenium_Basics_4.DragDrop_Iframe_Table_JavascriptAlert_In_Selenium_7"/>
  <testcase name="testDroppable" time="14.873" classname="selenium_Basics_4.DragDrop_Iframe_Table_JavascriptAlert_In_Selenium_7"/>
  <testcase name="testAlerts" time="21.872" classname="selenium_Basics_4.DragDrop_Iframe_Table_JavascriptAlert_In_Selenium_7"/>
  <testcase name="testTable" time="6.732" classname="selenium_Basics_4.DragDrop_Iframe_Table_JavascriptAlert_In_Selenium_7"/>
</testsuite> <!-- selenium_Basics_4.DragDrop_Iframe_Table_JavascriptAlert_In_Selenium_7 -->
