<?xml version="1.0" encoding="UTF-8"?>
<!-- Generated by org.testng.reporters.JUnitReportReporter -->
<testsuite skipped="0" hostname="DESKTOP-42ER5TB" name="selenium_Advance_video.How_To_Handle_calendar_dynamically_in_selenium_2" tests="1" failures="0" timestamp="21 Apr 2018 06:43:55 GMT" time="30.616" errors="0">
  <testcase name="testHandle_calendar_dynamically" time="30.616" classname="selenium_Advance_video.How_To_Handle_calendar_dynamically_in_selenium_2"/>
</testsuite> <!-- selenium_Advance_video.How_To_Handle_calendar_dynamically_in_selenium_2 -->
