<?xml version="1.0" encoding="UTF-8"?>
<!-- Generated by org.testng.reporters.JUnitReportReporter -->
<testsuite skipped="0" hostname="DESKTOP-42ER5TB" name="testNG_Concepts_For_Selenium_1.testNG.Annotations" tests="2" failures="0" timestamp="20 Apr 2018 06:20:46 GMT" time="0.008" errors="0">
  <testcase name="test2" time="0.002" classname="testNG_Concepts_For_Selenium_1.testNG.Annotations"/>
  <testcase name="test1" time="0.006" classname="testNG_Concepts_For_Selenium_1.testNG.Annotations"/>
</testsuite> <!-- testNG_Concepts_For_Selenium_1.testNG.Annotations -->
