<?xml version="1.0" encoding="UTF-8"?>
<!-- Generated by org.testng.reporters.JUnitReportReporter -->
<testsuite skipped="0" hostname="DESKTOP-42ER5TB" name="selenium_Basics_4.properties_file_in_selenium_18.propertyFiles.Login" tests="1" failures="0" timestamp="20 Apr 2018 17:24:52 GMT" time="0.009" errors="0">
  <testcase name="testLogin" time="0.009" classname="selenium_Basics_4.properties_file_in_selenium_18.propertyFiles.Login"/>
</testsuite> <!-- selenium_Basics_4.properties_file_in_selenium_18.propertyFiles.Login -->
