<?xml version="1.0" encoding="UTF-8"?>
<!-- Generated by org.testng.reporters.JUnitReportReporter -->
<testsuite skipped="0" hostname="DESKTOP-42ER5TB" name="naveenAutomoation_final.FIleDownload_RobotClass_2" tests="1" failures="0" timestamp="12 May 2018 06:54:47 GMT" time="30.261" errors="0">
  <testcase name="testFIleDownload" time="30.261" classname="naveenAutomoation_final.FIleDownload_RobotClass_2"/>
</testsuite> <!-- naveenAutomoation_final.FIleDownload_RobotClass_2 -->
