<?xml version="1.0" encoding="UTF-8"?>
<!-- Generated by org.testng.reporters.JUnitReportReporter -->
<testsuite skipped="0" hostname="DESKTOP-42ER5TB" name="selenium_Basics_4.MouseOver_In_Selenium_6" tests="1" failures="0" timestamp="20 Apr 2018 16:19:53 GMT" time="24.583" errors="0">
  <testcase name="testMouseOver_In_Selenium" time="24.583" classname="selenium_Basics_4.MouseOver_In_Selenium_6"/>
</testsuite> <!-- selenium_Basics_4.MouseOver_In_Selenium_6 -->
