<?xml version="1.0" encoding="UTF-8"?>
<!-- Generated by org.testng.reporters.JUnitReportReporter -->
<testsuite skipped="0" hostname="DESKTOP-42ER5TB" name="selenium_Basics_4.DragDrop_Iframe_Table_JavascriptAlert_In_Selenium_7" tests="4" failures="0" timestamp="20 Apr 2018 16:26:05 GMT" time="69.842" errors="0">
  <testcase name="testIframe" time="24.487" classname="selenium_Basics_4.DragDrop_Iframe_Table_JavascriptAlert_In_Selenium_7"/>
  <testcase name="testDroppable" time="15.838" classname="selenium_Basics_4.DragDrop_Iframe_Table_JavascriptAlert_In_Selenium_7"/>
  <testcase name="testAlerts" time="22.175" classname="selenium_Basics_4.DragDrop_Iframe_Table_JavascriptAlert_In_Selenium_7"/>
  <testcase name="testTable" time="7.342" classname="selenium_Basics_4.DragDrop_Iframe_Table_JavascriptAlert_In_Selenium_7"/>
</testsuite> <!-- selenium_Basics_4.DragDrop_Iframe_Table_JavascriptAlert_In_Selenium_7 -->
