<?xml version="1.0" encoding="UTF-8"?>
<!-- Generated by org.testng.reporters.JUnitReportReporter -->
<testsuite skipped="0" hostname="DESKTOP-42ER5TB" name="selenium_Basics_4.Abc" tests="1" failures="0" timestamp="10 Mar 2018 15:26:44 GMT" time="0.015" errors="0">
  <testcase name="testAbc" time="0.015" classname="selenium_Basics_4.Abc"/>
</testsuite> <!-- selenium_Basics_4.Abc -->
