<?xml version="1.0" encoding="UTF-8"?>
<!-- Generated by org.testng.reporters.JUnitReportReporter -->
<testsuite skipped="0" hostname="DESKTOP-42ER5TB" name="selenium_Basics_4.SelectDropDownInSelenium_1" tests="1" failures="0" timestamp="31 May 2018 12:45:54 GMT" time="39.626" errors="0">
  <testcase name="testSelectDropDown" time="39.626" classname="selenium_Basics_4.SelectDropDownInSelenium_1"/>
</testsuite> <!-- selenium_Basics_4.SelectDropDownInSelenium_1 -->
