<?xml version="1.0" encoding="UTF-8"?>
<!-- Generated by org.testng.reporters.JUnitReportReporter -->
<testsuite skipped="0" hostname="DESKTOP-42ER5TB" name="selenium_Basics_4.Page_Scrolling_InSelenium_14" tests="1" failures="0" timestamp="13 Mar 2018 16:44:59 GMT" time="44.483" errors="0">
  <testcase name="testPage_Scrolling_InSelenium" time="44.483" classname="selenium_Basics_4.Page_Scrolling_InSelenium_14"/>
</testsuite> <!-- selenium_Basics_4.Page_Scrolling_InSelenium_14 -->
