<?xml version="1.0" encoding="UTF-8"?>
<!-- Generated by org.testng.reporters.JUnitReportReporter -->
<testsuite skipped="0" hostname="DESKTOP-42ER5TB" name="selenium_Basics_4.HowTo_SelectWindow_InSelenium_4" tests="1" failures="0" timestamp="31 May 2018 13:17:35 GMT" time="46.678" errors="0">
  <testcase name="testSelectWindow" time="46.678" classname="selenium_Basics_4.HowTo_SelectWindow_InSelenium_4"/>
</testsuite> <!-- selenium_Basics_4.HowTo_SelectWindow_InSelenium_4 -->
