<?xml version="1.0" encoding="UTF-8"?>
<!-- Generated by org.testng.reporters.JUnitReportReporter -->
<testsuite skipped="0" hostname="DESKTOP-42ER5TB" name="selenium_Advance_video.testProperties.TestScript1" tests="1" failures="0" timestamp="14 Mar 2018 08:22:41 GMT" time="0.014" errors="0">
  <testcase name="testProperties" time="0.014" classname="selenium_Advance_video.testProperties.TestScript1"/>
</testsuite> <!-- selenium_Advance_video.testProperties.TestScript1 -->
