<?xml version="1.0" encoding="UTF-8"?>
<!-- Generated by org.testng.reporters.JUnitReportReporter -->
<testsuite skipped="0" hostname="DESKTOP-42ER5TB" name="selenium_Basics_4.How_To_Verify_Common_Text_In_Selenium_2" tests="1" failures="0" timestamp="12 Mar 2018 07:46:49 GMT" time="12.182" errors="0">
  <testcase name="testVerify_Common_Text" time="12.182" classname="selenium_Basics_4.How_To_Verify_Common_Text_In_Selenium_2"/>
</testsuite> <!-- selenium_Basics_4.How_To_Verify_Common_Text_In_Selenium_2 -->
