<?xml version="1.0" encoding="UTF-8"?>
<!-- Generated by org.testng.reporters.JUnitReportReporter -->
<testsuite skipped="0" hostname="DESKTOP-42ER5TB" name="selenium_Basics_4.MouseOver_In_Selenium_6" tests="1" failures="0" timestamp="31 May 2018 13:35:58 GMT" time="90.447" errors="0">
  <testcase name="testMouseOver_In_Selenium" time="90.447" classname="selenium_Basics_4.MouseOver_In_Selenium_6"/>
</testsuite> <!-- selenium_Basics_4.MouseOver_In_Selenium_6 -->
