<?xml version="1.0" encoding="UTF-8"?>
<!-- Generated by org.testng.reporters.JUnitReportReporter -->
<testsuite skipped="0" hostname="DESKTOP-42ER5TB" name="selenium_Advance_video.log4j_in_selenium_video_9.TestLog4j" tests="1" failures="0" timestamp="21 Apr 2018 10:25:27 GMT" time="0.060" errors="0">
  <testcase name="testScriptLog" time="0.060" classname="selenium_Advance_video.log4j_in_selenium_video_9.TestLog4j"/>
</testsuite> <!-- selenium_Advance_video.log4j_in_selenium_video_9.TestLog4j -->
