<?xml version="1.0" encoding="UTF-8"?>
<!-- Generated by org.testng.reporters.JUnitReportReporter -->
<testsuite skipped="0" hostname="DESKTOP-42ER5TB" name="selenium_Advance_video.Web_Event_Listener_InSelenium_Video1_2_10p.TestBase10" tests="1" failures="0" timestamp="30 Mar 2018 12:08:03 GMT" time="23.448" errors="0">
  <testcase name="testEventListener" time="23.448" classname="selenium_Advance_video.Web_Event_Listener_InSelenium_Video1_2_10p.TestBase10"/>
</testsuite> <!-- selenium_Advance_video.Web_Event_Listener_InSelenium_Video1_2_10p.TestBase10 -->
