<?xml version="1.0" encoding="UTF-8"?>
<!-- Generated by org.testng.reporters.JUnitReportReporter -->
<testsuite skipped="1" hostname="DESKTOP-42ER5TB" name="testNG_Concepts_For_Selenium_1.testNG.EnableAndDisableTest" tests="2" failures="0" timestamp="09 Apr 2018 07:34:46 GMT" time="0.002" errors="0">
  <testcase name="test" time="0.002" classname="testNG_Concepts_For_Selenium_1.testNG.EnableAndDisableTest"/>
  <testcase name="test1" classname="testNG_Concepts_For_Selenium_1.testNG.EnableAndDisableTest">
    <skipped/>
  </testcase> <!-- test1 -->
</testsuite> <!-- testNG_Concepts_For_Selenium_1.testNG.EnableAndDisableTest -->
