<?xml version="1.0" encoding="UTF-8"?>
<!-- Generated by org.testng.reporters.JUnitReportReporter -->
<testsuite skipped="0" hostname="DESKTOP-42ER5TB" name="testNG_Concepts_For_Selenium_1.testNG.Annotations" tests="2" failures="0" timestamp="29 May 2018 05:51:40 GMT" time="0.018" errors="0">
  <testcase name="test2" time="0.006" classname="testNG_Concepts_For_Selenium_1.testNG.Annotations"/>
  <testcase name="test1" time="0.012" classname="testNG_Concepts_For_Selenium_1.testNG.Annotations"/>
</testsuite> <!-- testNG_Concepts_For_Selenium_1.testNG.Annotations -->
