<?xml version="1.0" encoding="UTF-8"?>
<!-- Generated by org.testng.reporters.JUnitReportReporter -->
<testsuite skipped="0" hostname="DESKTOP-42ER5TB" name="selenium_Basics_4.How_To_Verify_Filter_Test_In_Selenium_9" tests="1" failures="0" timestamp="20 Apr 2018 16:37:59 GMT" time="59.935" errors="0">
  <testcase name="testVerify_Filter" time="59.935" classname="selenium_Basics_4.How_To_Verify_Filter_Test_In_Selenium_9"/>
</testsuite> <!-- selenium_Basics_4.How_To_Verify_Filter_Test_In_Selenium_9 -->
