<?xml version="1.0" encoding="UTF-8"?>
<!-- Generated by org.testng.reporters.JUnitReportReporter -->
<testsuite skipped="0" hostname="DESKTOP-42ER5TB" name="selenium_Basics_4.How_To_Verify_Common_Text_In_Selenium_2" tests="1" failures="0" timestamp="31 May 2018 12:52:57 GMT" time="36.573" errors="0">
  <testcase name="testVerify_Common_Text" time="36.573" classname="selenium_Basics_4.How_To_Verify_Common_Text_In_Selenium_2"/>
</testsuite> <!-- selenium_Basics_4.How_To_Verify_Common_Text_In_Selenium_2 -->
