<?xml version="1.0" encoding="UTF-8"?>
<!-- Generated by org.testng.reporters.JUnitReportReporter -->
<testsuite skipped="0" hostname="DESKTOP-42ER5TB" name="selenium_Advance_video.Web_Event_Listener_InSelenium_Video1_2_10p.TestEventListener" tests="1" failures="0" timestamp="21 Apr 2018 10:39:47 GMT" time="16.957" errors="0">
  <testcase name="testEventListener" time="16.957" classname="selenium_Advance_video.Web_Event_Listener_InSelenium_Video1_2_10p.TestEventListener"/>
</testsuite> <!-- selenium_Advance_video.Web_Event_Listener_InSelenium_Video1_2_10p.TestEventListener -->
