<?xml version="1.0" encoding="UTF-8"?>
<!-- Generated by org.testng.reporters.JUnitReportReporter -->
<testsuite skipped="0" hostname="DESKTOP-42ER5TB" name="selenium_Basics_4.Delete_AllEmailsFrom_InboxInSelenium_13" tests="1" failures="0" timestamp="13 Mar 2018 16:39:29 GMT" time="54.498" errors="0">
  <testcase name="testDelete_AllEmailsFrom_Inbox" time="54.498" classname="selenium_Basics_4.Delete_AllEmailsFrom_InboxInSelenium_13"/>
</testsuite> <!-- selenium_Basics_4.Delete_AllEmailsFrom_InboxInSelenium_13 -->
