<?xml version="1.0" encoding="UTF-8"?>
<!-- Generated by org.testng.reporters.JUnitReportReporter -->
<testsuite skipped="0" hostname="DESKTOP-42ER5TB" name="selenium_Advance_video.How_To_Handel_Dynamic_Table_In_Selenium_Video_1_2___3p" tests="1" failures="0" timestamp="21 Apr 2018 07:51:18 GMT" time="34.999" errors="0">
  <testcase name="testHandel_Dynamic_Table_In_Selenium" time="34.999" classname="selenium_Advance_video.How_To_Handel_Dynamic_Table_In_Selenium_Video_1_2___3p"/>
</testsuite> <!-- selenium_Advance_video.How_To_Handel_Dynamic_Table_In_Selenium_Video_1_2___3p -->
