<?xml version="1.0" encoding="UTF-8"?>
<!-- Generated by org.testng.reporters.JUnitReportReporter -->
<testsuite skipped="0" hostname="DESKTOP-42ER5TB" name="naveenAutomoation_final.AutoIT_FileUpload_MukeshOtwani_1" tests="1" failures="0" timestamp="09 May 2018 10:06:38 GMT" time="20.270" errors="0">
  <testcase name="fileUpload" time="20.270" classname="naveenAutomoation_final.AutoIT_FileUpload_MukeshOtwani_1"/>
</testsuite> <!-- naveenAutomoation_final.AutoIT_FileUpload_MukeshOtwani_1 -->
