<?xml version="1.0" encoding="UTF-8"?>
<!-- Generated by org.testng.reporters.JUnitReportReporter -->
<testsuite skipped="0" hostname="DESKTOP-42ER5TB" name="selenium_Basics_4.Page_Scrolling_InSelenium_14" tests="1" failures="0" timestamp="31 May 2018 15:54:59 GMT" time="147.635" errors="0">
  <testcase name="testPage_Scrolling_InSelenium" time="147.635" classname="selenium_Basics_4.Page_Scrolling_InSelenium_14"/>
</testsuite> <!-- selenium_Basics_4.Page_Scrolling_InSelenium_14 -->
